Arguments: 
  C:\Program Files\nodejs\node.exe D:\Yarn\bin\yarn.js init -Y

PATH: 
  C:\Program Files (x86)\Common Files\Oracle\Java\javapath;C:\WINDOWS\system32;C:\WINDOWS;C:\WINDOWS\System32\Wbem;C:\WINDOWS\System32\WindowsPowerShell\v1.0\;C:\WINDOWS\System32\OpenSSH\;C:\ProgramData\chocolatey\bin;C:\Program Files\nodejs\;C:\Program Files\NVIDIA Corporation\NVIDIA NvDLISR;C:\Program Files (x86)\NVIDIA Corporation\PhysX\Common;D:\GIT\Git\cmd;D:\GIT\Git LFS;D:\Yarn\bin\;C:\Program Files\dotnet\;C:\Users\helio\AppData\Local\Microsoft\WindowsApps;C:\Users\helio\AppData\Local\Programs\Microsoft VS Code\bin;C:\Users\helio\AppData\Roaming\npm;D:\VS code\Microsoft VS Code\bin;C:\Program Files\MySQL\MySQL Server 8.0\bin;C:\Windows.old\Users\helio\AppData\Local\GitHubDesktop\bin;C:\Users\helio\AppData\Local\Yarn\bin;C:\Users\helio\.dotnet\tools

Yarn version: 
  1.22.4

Node version: 
  12.14.1

Platform: 
  win32 x64

Trace: 
  Error: canceled
      at Interface.<anonymous> (D:\Yarn\lib\cli.js:137008:13)
      at Interface.emit (events.js:223:5)
      at Interface._ttyWrite (readline.js:885:16)
      at ReadStream.onkeypress (readline.js:191:10)
      at ReadStream.emit (events.js:223:5)
      at emitKeys (internal/readline/utils.js:433:14)
      at emitKeys.next (<anonymous>)
      at ReadStream.onData (readline.js:1151:36)
      at ReadStream.emit (events.js:223:5)
      at addChunk (_stream_readable.js:309:12)

npm manifest: 
  No manifest

yarn manifest: 
  No manifest

Lockfile: 
  No lockfile
